INFO 2024-06-06 19:30:50,791 autoreload Watching for file changes with StatReloader
INFO 2024-06-06 19:31:15,272 views  List List(id=115, name=My Contacts)
INFO 2024-06-06 19:31:15,278 views  List List(id=115, name=My Contacts)
INFO 2024-06-06 19:31:15,299 views  List List(id=115, name=My Contacts)
INFO 2024-06-06 19:31:15,474 views  List List(id=115, name=My Contacts)
INFO 2024-06-06 19:31:15,490 views  List List(id=115, name=My Contacts)
INFO 2024-06-06 19:31:15,497 views  List List(id=115, name=My Contacts)
INFO 2024-06-06 19:31:15,499 views  List List(id=115, name=My Contacts)
INFO 2024-06-06 19:31:15,501 views  List List(id=115, name=My Contacts)
INFO 2024-06-06 19:31:15,504 views  List List(id=115, name=My Contacts)
INFO 2024-06-06 19:31:15,506 views  List List(id=115, name=My Contacts)
INFO 2024-06-06 19:31:15,508 views  List List(id=115, name=My Contacts)
INFO 2024-06-06 19:31:15,509 views  List List(id=115, name=My Contacts)
INFO 2024-06-06 19:31:15,512 views  List List(id=115, name=My Contacts)
INFO 2024-06-06 19:31:15,513 views  List List(id=115, name=My Contacts)
INFO 2024-06-06 19:31:15,515 views  List List(id=115, name=My Contacts)
INFO 2024-06-06 19:31:15,517 views  List List(id=115, name=My Contacts)
INFO 2024-06-06 19:31:15,519 views  List List(id=115, name=My Contacts)
INFO 2024-06-06 19:31:15,520 views  List List(id=115, name=My Contacts)
INFO 2024-06-06 19:31:15,521 views  List List(id=115, name=My Contacts)
INFO 2024-06-06 19:31:15,534 views  List List(id=115, name=My Contacts)
INFO 2024-06-06 19:31:15,536 views  List List(id=115, name=My Contacts)
INFO 2024-06-06 19:31:15,537 views  List List(id=115, name=My Contacts)
INFO 2024-06-06 19:31:15,538 views  List List(id=115, name=My Contacts)
INFO 2024-06-06 19:31:15,539 views  List List(id=115, name=My Contacts)
INFO 2024-06-06 19:31:15,541 views  List List(id=115, name=My Contacts)
INFO 2024-06-06 19:31:15,542 views  List List(id=115, name=My Contacts)
INFO 2024-06-06 19:31:15,543 views  List List(id=115, name=My Contacts)
INFO 2024-06-06 19:31:15,544 views  List List(id=115, name=My Contacts)
INFO 2024-06-06 19:31:15,545 views  List List(id=115, name=My Contacts)
INFO 2024-06-06 19:31:15,563 views  List List(id=115, name=My Contacts)
INFO 2024-06-06 19:31:15,565 views  List List(id=115, name=My Contacts)
INFO 2024-06-06 19:31:15,566 views  List List(id=115, name=My Contacts)
INFO 2024-06-06 19:31:15,567 views  List List(id=115, name=My Contacts)
INFO 2024-06-06 19:31:15,568 views  List List(id=115, name=My Contacts)
INFO 2024-06-06 19:31:15,568 views  List List(id=115, name=My Contacts)
INFO 2024-06-06 19:31:15,579 views  List List(id=115, name=My Contacts)
INFO 2024-06-06 19:31:15,580 views  List List(id=115, name=My Contacts)
INFO 2024-06-06 19:31:15,582 views  List List(id=115, name=My Contacts)
INFO 2024-06-06 19:31:15,583 views  List List(id=115, name=My Contacts)
INFO 2024-06-06 19:31:15,588 views  List List(id=115, name=My Contacts)
INFO 2024-06-06 19:31:15,590 views  List List(id=115, name=My Contacts)
INFO 2024-06-06 19:31:15,591 views  List List(id=115, name=My Contacts)
INFO 2024-06-06 19:31:15,592 views  List List(id=115, name=My Contacts)
INFO 2024-06-06 19:31:15,593 views  List List(id=115, name=My Contacts)
INFO 2024-06-06 19:31:15,594 views  List List(id=115, name=My Contacts)
INFO 2024-06-06 19:31:15,595 views  List List(id=115, name=My Contacts)
INFO 2024-06-06 19:31:15,596 views  List List(id=115, name=My Contacts)
INFO 2024-06-06 19:31:15,597 views  List List(id=115, name=My Contacts)
INFO 2024-06-06 19:31:15,598 views  List List(id=115, name=My Contacts)
INFO 2024-06-06 19:31:15,599 views  List List(id=115, name=My Contacts)
INFO 2024-06-06 19:31:15,601 views  List List(id=115, name=My Contacts)
INFO 2024-06-06 19:31:15,602 views  List List(id=115, name=My Contacts)
INFO 2024-06-06 19:31:15,603 views  List List(id=115, name=My Contacts)
INFO 2024-06-06 19:31:15,605 views  List List(id=115, name=My Contacts)
INFO 2024-06-06 19:31:15,607 views  List List(id=115, name=My Contacts)
INFO 2024-06-06 19:31:15,608 views  List List(id=115, name=My Contacts)
INFO 2024-06-06 19:31:15,610 views  List List(id=115, name=My Contacts)
INFO 2024-06-06 19:31:15,611 views  List List(id=115, name=My Contacts)
INFO 2024-06-06 19:31:15,612 views  List List(id=115, name=My Contacts)
INFO 2024-06-06 19:31:15,613 views  List List(id=115, name=My Contacts)
INFO 2024-06-06 19:31:15,614 views  List List(id=115, name=My Contacts)
INFO 2024-06-06 19:31:15,615 views  List List(id=115, name=My Contacts)
INFO 2024-06-06 19:31:15,616 views  List List(id=115, name=My Contacts)
INFO 2024-06-06 19:31:15,617 views  List List(id=115, name=My Contacts)
INFO 2024-06-06 19:31:15,618 views  List List(id=115, name=My Contacts)
INFO 2024-06-06 19:31:15,619 views  List List(id=115, name=My Contacts)
INFO 2024-06-06 19:31:15,621 views  List List(id=115, name=My Contacts)
INFO 2024-06-06 19:31:15,623 views  List List(id=115, name=My Contacts)
INFO 2024-06-06 19:31:15,624 views  List List(id=115, name=My Contacts)
INFO 2024-06-06 19:31:15,625 views  List List(id=115, name=My Contacts)
INFO 2024-06-06 19:31:15,626 views  List List(id=115, name=My Contacts)
INFO 2024-06-06 19:31:15,627 views  List List(id=115, name=My Contacts)
INFO 2024-06-06 19:31:15,629 views  List List(id=115, name=My Contacts)
INFO 2024-06-06 19:31:15,630 views  List List(id=115, name=My Contacts)
INFO 2024-06-06 19:31:15,631 views  List List(id=115, name=My Contacts)
INFO 2024-06-06 19:31:15,632 views  List List(id=115, name=My Contacts)
INFO 2024-06-06 19:31:15,634 views  List List(id=115, name=My Contacts)
INFO 2024-06-06 19:31:15,635 views  List List(id=115, name=My Contacts)
INFO 2024-06-06 19:31:15,640 views  List List(id=115, name=My Contacts)
INFO 2024-06-06 19:31:15,641 views  List List(id=115, name=My Contacts)
INFO 2024-06-06 19:31:15,643 views  List List(id=115, name=My Contacts)
INFO 2024-06-06 19:31:15,644 views  List List(id=115, name=My Contacts)
INFO 2024-06-06 19:31:15,645 views  List List(id=115, name=My Contacts)
INFO 2024-06-06 19:31:15,646 views  List List(id=115, name=My Contacts)
INFO 2024-06-06 19:31:15,647 views  List List(id=115, name=My Contacts)
INFO 2024-06-06 19:31:15,648 views  List List(id=115, name=My Contacts)
INFO 2024-06-06 19:31:15,649 views  List List(id=115, name=My Contacts)
INFO 2024-06-06 19:31:15,650 views  List List(id=115, name=My Contacts)
INFO 2024-06-06 19:31:15,652 views  List List(id=115, name=My Contacts)
INFO 2024-06-06 19:31:15,653 views  List List(id=115, name=My Contacts)
INFO 2024-06-06 19:31:15,654 views  List List(id=115, name=My Contacts)
INFO 2024-06-06 19:31:15,656 views  List List(id=115, name=My Contacts)
INFO 2024-06-06 19:31:15,657 views  List List(id=115, name=My Contacts)
INFO 2024-06-06 19:31:15,658 views  List List(id=115, name=My Contacts)
INFO 2024-06-06 19:31:15,660 views  List List(id=115, name=My Contacts)
INFO 2024-06-06 19:31:15,670 views  List List(id=115, name=My Contacts)
INFO 2024-06-06 19:31:15,672 views  List List(id=115, name=My Contacts)
INFO 2024-06-06 19:31:15,673 views  List List(id=115, name=My Contacts)
INFO 2024-06-06 19:31:15,674 views  List List(id=115, name=My Contacts)
INFO 2024-06-06 19:31:15,687 views  List List(id=115, name=My Contacts)
INFO 2024-06-06 19:31:15,697 views  List List(id=115, name=My Contacts)
INFO 2024-06-06 19:31:15,699 views  List List(id=115, name=My Contacts)
INFO 2024-06-06 19:31:15,715 views  List List(id=115, name=My Contacts)
INFO 2024-06-06 19:31:15,720 views  List List(id=115, name=My Contacts)
INFO 2024-06-06 19:31:15,722 views  List List(id=115, name=My Contacts)
INFO 2024-06-06 19:31:15,723 views  List List(id=115, name=My Contacts)
INFO 2024-06-06 19:31:15,751 views  List List(id=115, name=My Contacts)
INFO 2024-06-06 19:31:15,753 views  List List(id=115, name=My Contacts)
INFO 2024-06-06 19:31:15,754 views  List List(id=115, name=My Contacts)
INFO 2024-06-06 19:31:15,755 views  List List(id=115, name=My Contacts)
INFO 2024-06-06 19:31:15,756 views  List List(id=115, name=My Contacts)
INFO 2024-06-06 19:31:15,756 views  List List(id=115, name=My Contacts)
INFO 2024-06-06 19:31:15,757 views  List List(id=115, name=My Contacts)
INFO 2024-06-06 19:31:15,758 views  List List(id=115, name=My Contacts)
INFO 2024-06-06 19:31:15,767 views  List List(id=115, name=My Contacts)
INFO 2024-06-06 19:31:15,768 views  List List(id=115, name=My Contacts)
INFO 2024-06-06 19:31:15,769 views  List List(id=115, name=My Contacts)
INFO 2024-06-06 19:31:15,770 views  List List(id=115, name=My Contacts)
INFO 2024-06-06 19:31:15,771 views  List List(id=115, name=My Contacts)
INFO 2024-06-06 19:31:15,771 views  List List(id=115, name=My Contacts)
INFO 2024-06-06 19:31:15,772 views  List List(id=115, name=My Contacts)
INFO 2024-06-06 19:31:15,773 views  List List(id=115, name=My Contacts)
INFO 2024-06-06 19:31:15,774 views  List List(id=115, name=My Contacts)
INFO 2024-06-06 19:31:15,775 views  List List(id=115, name=My Contacts)
INFO 2024-06-06 19:31:15,775 views  List List(id=115, name=My Contacts)
INFO 2024-06-06 19:31:15,776 views  List List(id=115, name=My Contacts)
INFO 2024-06-06 19:31:15,777 views  List List(id=115, name=My Contacts)
INFO 2024-06-06 19:31:15,885 views  List List(id=115, name=My Contacts)
INFO 2024-06-06 19:31:15,890 views  List List(id=115, name=My Contacts)
INFO 2024-06-06 19:31:15,925 views  List List(id=115, name=My Contacts)
INFO 2024-06-06 19:31:15,930 views  List List(id=115, name=My Contacts)
INFO 2024-06-06 19:31:15,936 views  List List(id=115, name=My Contacts)
INFO 2024-06-06 19:31:15,938 views  List List(id=115, name=My Contacts)
INFO 2024-06-06 19:31:15,940 views  List List(id=115, name=My Contacts)
INFO 2024-06-06 19:31:15,942 views  List List(id=115, name=My Contacts)
INFO 2024-06-06 19:31:15,946 views  List List(id=115, name=My Contacts)
INFO 2024-06-06 19:31:15,955 views  List List(id=115, name=My Contacts)
INFO 2024-06-06 19:31:15,958 views  List List(id=115, name=My Contacts)
INFO 2024-06-06 19:31:15,959 views  List List(id=115, name=My Contacts)
INFO 2024-06-06 19:31:15,961 views  List List(id=115, name=My Contacts)
INFO 2024-06-06 19:31:15,962 views  List List(id=115, name=My Contacts)
INFO 2024-06-06 19:31:15,973 views  List List(id=115, name=My Contacts)
INFO 2024-06-06 19:31:15,975 views  List List(id=115, name=My Contacts)
INFO 2024-06-06 19:31:15,977 views  List List(id=115, name=My Contacts)
INFO 2024-06-06 19:31:15,981 views  List List(id=115, name=My Contacts)
INFO 2024-06-06 19:31:15,982 views  List List(id=115, name=My Contacts)
INFO 2024-06-06 19:31:15,983 views  List List(id=115, name=My Contacts)
INFO 2024-06-06 19:31:15,984 views  List List(id=115, name=My Contacts)
INFO 2024-06-06 19:31:15,985 views  List List(id=115, name=My Contacts)
INFO 2024-06-06 19:31:15,986 views  List List(id=115, name=My Contacts)
INFO 2024-06-06 19:31:15,987 views  List List(id=115, name=My Contacts)
INFO 2024-06-06 19:31:15,988 views  List List(id=115, name=My Contacts)
INFO 2024-06-06 19:31:15,988 views  List List(id=115, name=My Contacts)
INFO 2024-06-06 19:31:15,989 views  List List(id=115, name=My Contacts)
INFO 2024-06-06 19:31:15,993 views  List List(id=115, name=My Contacts)
INFO 2024-06-06 19:31:15,994 views  List List(id=115, name=My Contacts)
INFO 2024-06-06 19:31:15,995 views  List List(id=115, name=My Contacts)
INFO 2024-06-06 19:31:15,996 views  List List(id=115, name=My Contacts)
INFO 2024-06-06 19:31:16,011 views  List List(id=115, name=My Contacts)
INFO 2024-06-06 19:31:16,012 views  List List(id=115, name=My Contacts)
INFO 2024-06-06 19:31:16,013 views  List List(id=115, name=My Contacts)
INFO 2024-06-06 19:31:16,014 views  List List(id=115, name=My Contacts)
INFO 2024-06-06 19:31:16,015 views  List List(id=115, name=My Contacts)
INFO 2024-06-06 19:31:16,015 views  List List(id=115, name=My Contacts)
INFO 2024-06-06 19:31:16,016 views  List List(id=115, name=My Contacts)
INFO 2024-06-06 19:31:16,017 views  List List(id=115, name=My Contacts)
INFO 2024-06-06 19:31:16,018 views  List List(id=115, name=My Contacts)
INFO 2024-06-06 19:31:16,220 views  List List(id=115, name=My Contacts)
INFO 2024-06-06 19:31:16,224 views  List List(id=115, name=My Contacts)
INFO 2024-06-06 19:31:16,227 views  List List(id=115, name=My Contacts)
INFO 2024-06-06 19:31:16,231 views  List List(id=115, name=My Contacts)
INFO 2024-06-06 19:31:16,241 views  List List(id=115, name=My Contacts)
INFO 2024-06-06 19:31:16,249 views  List List(id=115, name=My Contacts)
INFO 2024-06-06 19:31:16,251 views  List List(id=115, name=My Contacts)
INFO 2024-06-06 19:31:16,255 views  List List(id=115, name=My Contacts)
INFO 2024-06-06 19:31:16,258 views  List List(id=115, name=My Contacts)
INFO 2024-06-06 19:31:16,259 views  List List(id=115, name=My Contacts)
INFO 2024-06-06 19:31:16,280 views  List List(id=115, name=My Contacts)
INFO 2024-06-06 19:31:16,284 views  List List(id=115, name=My Contacts)
INFO 2024-06-06 19:31:16,287 views  List List(id=115, name=My Contacts)
INFO 2024-06-06 19:31:16,288 views  List List(id=115, name=My Contacts)
INFO 2024-06-06 19:31:16,289 views  List List(id=115, name=My Contacts)
INFO 2024-06-06 19:31:16,303 views  List List(id=115, name=My Contacts)
INFO 2024-06-06 19:31:16,305 views  List List(id=115, name=My Contacts)
INFO 2024-06-06 19:31:16,306 views  List List(id=115, name=My Contacts)
INFO 2024-06-06 19:31:16,331 views  List List(id=115, name=My Contacts)
INFO 2024-06-06 19:31:16,332 views  List List(id=115, name=My Contacts)
INFO 2024-06-06 19:31:16,341 views  List List(id=115, name=My Contacts)
INFO 2024-06-06 19:31:16,343 views  List List(id=115, name=My Contacts)
INFO 2024-06-06 19:31:16,344 views  List List(id=115, name=My Contacts)
INFO 2024-06-06 19:31:16,345 views  List List(id=115, name=My Contacts)
INFO 2024-06-06 19:31:16,346 views  List List(id=115, name=My Contacts)
INFO 2024-06-06 19:31:16,347 views  List List(id=115, name=My Contacts)
INFO 2024-06-06 19:31:16,348 views  List List(id=115, name=My Contacts)
INFO 2024-06-06 19:31:16,349 views  List List(id=115, name=My Contacts)
INFO 2024-06-06 19:31:16,350 views  List List(id=115, name=My Contacts)
INFO 2024-06-06 19:31:16,350 views  List List(id=115, name=My Contacts)
INFO 2024-06-06 19:31:16,351 views  List List(id=115, name=My Contacts)
INFO 2024-06-06 19:31:16,352 views  List List(id=115, name=My Contacts)
INFO 2024-06-06 19:31:16,353 views  List List(id=115, name=My Contacts)
INFO 2024-06-06 19:31:16,354 views  List List(id=115, name=My Contacts)
INFO 2024-06-06 19:31:16,355 views  List List(id=115, name=My Contacts)
INFO 2024-06-06 19:31:16,356 views  List List(id=115, name=My Contacts)
INFO 2024-06-06 19:31:16,387 views  List List(id=115, name=My Contacts)
INFO 2024-06-06 19:31:16,389 views  List List(id=115, name=My Contacts)
INFO 2024-06-06 19:31:16,391 views  List List(id=115, name=My Contacts)
INFO 2024-06-06 19:31:16,392 views  List List(id=115, name=My Contacts)
INFO 2024-06-06 19:31:16,393 views  List List(id=115, name=My Contacts)
INFO 2024-06-06 19:31:16,394 views  List List(id=115, name=My Contacts)
INFO 2024-06-06 19:31:16,395 views  List List(id=115, name=My Contacts)
INFO 2024-06-06 19:31:16,396 views  List List(id=115, name=My Contacts)
INFO 2024-06-06 19:31:16,397 views  List List(id=115, name=My Contacts)
INFO 2024-06-06 19:31:16,404 views  List List(id=115, name=My Contacts)
INFO 2024-06-06 19:31:16,420 views  List List(id=115, name=My Contacts)
INFO 2024-06-06 19:31:16,423 views  List List(id=115, name=My Contacts)
INFO 2024-06-06 19:31:16,424 views  List List(id=115, name=My Contacts)
INFO 2024-06-06 19:31:16,425 views  List List(id=115, name=My Contacts)
INFO 2024-06-06 19:31:16,426 views  List List(id=115, name=My Contacts)
INFO 2024-06-06 19:31:16,427 views  List List(id=115, name=My Contacts)
INFO 2024-06-06 19:31:16,428 views  List List(id=115, name=My Contacts)
INFO 2024-06-06 19:31:16,429 views  List List(id=115, name=My Contacts)
INFO 2024-06-06 19:31:16,430 views  List List(id=115, name=My Contacts)
INFO 2024-06-06 19:31:16,430 views Existing Contact - Full Name: ['Aryan'], Company: , Photo Path: , Email: {'home': [], 'internet': []}, Phone No: {'cell': ['(972) 800-4944'], 'home': [], 'pref': []}
INFO 2024-06-06 19:31:16,431 views  List List(id=115, name=My Contacts)
INFO 2024-06-06 19:31:16,432 views  List List(id=115, name=My Contacts)
INFO 2024-06-06 19:31:16,433 views  List List(id=115, name=My Contacts)
INFO 2024-06-06 19:31:16,433 views  List List(id=115, name=My Contacts)
INFO 2024-06-06 19:31:16,434 views  List List(id=115, name=My Contacts)
INFO 2024-06-06 19:31:16,435 views  List List(id=115, name=My Contacts)
INFO 2024-06-06 19:31:16,436 views  List List(id=115, name=My Contacts)
INFO 2024-06-06 19:31:16,437 views  List List(id=115, name=My Contacts)
INFO 2024-06-06 19:31:16,438 views  List List(id=115, name=My Contacts)
INFO 2024-06-06 19:31:16,439 views  List List(id=115, name=My Contacts)
INFO 2024-06-06 19:31:16,440 views  List List(id=115, name=My Contacts)
INFO 2024-06-06 19:31:16,441 views  List List(id=115, name=My Contacts)
INFO 2024-06-06 19:31:16,442 views  List List(id=115, name=My Contacts)
INFO 2024-06-06 19:31:16,442 views  List List(id=115, name=My Contacts)
INFO 2024-06-06 19:31:16,443 views  List List(id=115, name=My Contacts)
INFO 2024-06-06 19:31:16,444 views  List List(id=115, name=My Contacts)
INFO 2024-06-06 19:31:16,445 views  List List(id=115, name=My Contacts)
INFO 2024-06-06 19:31:16,446 views  List List(id=115, name=My Contacts)
INFO 2024-06-06 19:31:16,447 views  List List(id=115, name=My Contacts)
INFO 2024-06-06 19:31:16,448 views  List List(id=115, name=My Contacts)
INFO 2024-06-06 19:31:16,449 views  List List(id=115, name=My Contacts)
INFO 2024-06-06 19:31:16,450 views  List List(id=115, name=My Contacts)
INFO 2024-06-06 19:31:16,451 views  List List(id=115, name=My Contacts)
INFO 2024-06-06 19:31:16,452 views  List List(id=115, name=My Contacts)
INFO 2024-06-06 19:31:16,452 views  List List(id=115, name=My Contacts)
INFO 2024-06-06 19:31:16,453 views  List List(id=115, name=My Contacts)
INFO 2024-06-06 19:31:16,454 views  List List(id=115, name=My Contacts)
INFO 2024-06-06 19:31:16,455 views  List List(id=115, name=My Contacts)
INFO 2024-06-06 19:31:16,456 views  List List(id=115, name=My Contacts)
INFO 2024-06-06 19:31:16,457 views  List List(id=115, name=My Contacts)
INFO 2024-06-06 19:31:16,458 views  List List(id=115, name=My Contacts)
INFO 2024-06-06 19:31:16,459 views  List List(id=115, name=My Contacts)
INFO 2024-06-06 19:31:16,460 views  List List(id=115, name=My Contacts)
INFO 2024-06-06 19:31:16,461 views  List List(id=115, name=My Contacts)
INFO 2024-06-06 19:31:16,462 views  List List(id=115, name=My Contacts)
INFO 2024-06-06 19:31:16,463 views  List List(id=115, name=My Contacts)
INFO 2024-06-06 19:31:16,464 views  List List(id=115, name=My Contacts)
INFO 2024-06-06 19:31:16,465 views  List List(id=115, name=My Contacts)
INFO 2024-06-06 19:31:16,485 views  List List(id=115, name=My Contacts)
INFO 2024-06-06 19:31:16,487 views  List List(id=115, name=My Contacts)
INFO 2024-06-06 19:31:16,488 views  List List(id=115, name=My Contacts)
INFO 2024-06-06 19:31:16,489 views  List List(id=115, name=My Contacts)
INFO 2024-06-06 19:31:16,490 views  List List(id=115, name=My Contacts)
INFO 2024-06-06 19:31:16,491 views  List List(id=115, name=My Contacts)
INFO 2024-06-06 19:31:16,492 views  List List(id=115, name=My Contacts)
INFO 2024-06-06 19:31:16,493 views  List List(id=115, name=My Contacts)
INFO 2024-06-06 19:31:16,494 views  List List(id=115, name=My Contacts)
INFO 2024-06-06 19:31:16,507 views  List List(id=115, name=My Contacts)
INFO 2024-06-06 19:31:16,509 views  List List(id=115, name=My Contacts)
INFO 2024-06-06 19:31:16,510 views  List List(id=115, name=My Contacts)
INFO 2024-06-06 19:31:16,511 views  List List(id=115, name=My Contacts)
INFO 2024-06-06 19:31:16,511 views  List List(id=115, name=My Contacts)
INFO 2024-06-06 19:31:16,513 views  List List(id=115, name=My Contacts)
INFO 2024-06-06 19:31:16,514 views  List List(id=115, name=My Contacts)
INFO 2024-06-06 19:31:16,515 views  List List(id=115, name=My Contacts)
INFO 2024-06-06 19:31:16,515 views  List List(id=115, name=My Contacts)
INFO 2024-06-06 19:31:16,516 views  List List(id=115, name=My Contacts)
INFO 2024-06-06 19:31:16,517 views  List List(id=115, name=My Contacts)
INFO 2024-06-06 19:31:16,518 views  List List(id=115, name=My Contacts)
INFO 2024-06-06 19:31:16,519 views  List List(id=115, name=My Contacts)
INFO 2024-06-06 19:31:16,520 views  List List(id=115, name=My Contacts)
INFO 2024-06-06 19:31:16,521 views  List List(id=115, name=My Contacts)
INFO 2024-06-06 19:31:16,522 views  List List(id=115, name=My Contacts)
INFO 2024-06-06 19:31:16,523 views  List List(id=115, name=My Contacts)
INFO 2024-06-06 19:31:16,524 views  List List(id=115, name=My Contacts)
INFO 2024-06-06 19:31:16,525 views  List List(id=115, name=My Contacts)
INFO 2024-06-06 19:31:16,526 views  List List(id=115, name=My Contacts)
INFO 2024-06-06 19:31:16,527 views  List List(id=115, name=My Contacts)
INFO 2024-06-06 19:31:16,527 views  List List(id=115, name=My Contacts)
INFO 2024-06-06 19:31:16,529 views  List List(id=115, name=My Contacts)
INFO 2024-06-06 19:31:16,530 views  List List(id=115, name=My Contacts)
INFO 2024-06-06 19:31:16,531 views  List List(id=115, name=My Contacts)
INFO 2024-06-06 19:31:16,532 views  List List(id=115, name=My Contacts)
INFO 2024-06-06 19:31:16,533 views  List List(id=115, name=My Contacts)
INFO 2024-06-06 19:31:16,533 views  List List(id=115, name=My Contacts)
INFO 2024-06-06 19:31:16,534 views  List List(id=115, name=My Contacts)
INFO 2024-06-06 19:31:16,535 views  List List(id=115, name=My Contacts)
INFO 2024-06-06 19:31:16,536 views  List List(id=115, name=My Contacts)
INFO 2024-06-06 19:31:16,537 views  List List(id=115, name=My Contacts)
INFO 2024-06-06 19:31:16,538 views  List List(id=115, name=My Contacts)
INFO 2024-06-06 19:31:16,539 views  List List(id=115, name=My Contacts)
INFO 2024-06-06 19:31:16,540 views  List List(id=115, name=My Contacts)
INFO 2024-06-06 19:31:16,541 views  List List(id=115, name=My Contacts)
INFO 2024-06-06 19:31:16,542 views  List List(id=115, name=My Contacts)
INFO 2024-06-06 19:31:16,543 views  List List(id=115, name=My Contacts)
INFO 2024-06-06 19:31:16,544 views  List List(id=115, name=My Contacts)
INFO 2024-06-06 19:31:16,545 views  List List(id=115, name=My Contacts)
INFO 2024-06-06 19:31:16,546 views  List List(id=115, name=My Contacts)
INFO 2024-06-06 19:31:16,547 views  List List(id=115, name=My Contacts)
INFO 2024-06-06 19:31:16,548 views  List List(id=115, name=My Contacts)
INFO 2024-06-06 19:31:16,549 views  List List(id=115, name=My Contacts)
INFO 2024-06-06 19:31:16,550 views  List List(id=115, name=My Contacts)
INFO 2024-06-06 19:31:16,551 views  List List(id=115, name=My Contacts)
INFO 2024-06-06 19:31:16,552 views  List List(id=115, name=My Contacts)
INFO 2024-06-06 19:31:16,553 views  List List(id=115, name=My Contacts)
INFO 2024-06-06 19:31:16,554 views  List List(id=115, name=My Contacts)
INFO 2024-06-06 19:31:16,555 views  List List(id=115, name=My Contacts)
INFO 2024-06-06 19:31:16,555 views  List List(id=115, name=My Contacts)
INFO 2024-06-06 19:31:16,556 views  List List(id=115, name=My Contacts)
INFO 2024-06-06 19:31:16,557 views  List List(id=115, name=My Contacts)
INFO 2024-06-06 19:31:16,558 views  List List(id=115, name=My Contacts)
INFO 2024-06-06 19:31:16,559 views  List List(id=115, name=My Contacts)
INFO 2024-06-06 19:31:16,560 views  List List(id=115, name=My Contacts)
INFO 2024-06-06 19:31:16,561 views Existing Contact - Full Name: ['Q'], Company: , Photo Path: , Email: {'home': [], 'internet': []}, Phone No: {'cell': [], 'home': [], 'pref': []}
INFO 2024-06-06 19:31:16,561 views  List List(id=115, name=My Contacts)
INFO 2024-06-06 19:31:16,562 views Existing Contact - Full Name: ['Q'], Company: , Photo Path: , Email: {'home': [], 'internet': []}, Phone No: {'cell': [], 'home': [], 'pref': []}
INFO 2024-06-06 19:31:16,562 views  List List(id=115, name=My Contacts)
INFO 2024-06-06 19:31:16,562 views Existing Contact - Full Name: ['Q'], Company: , Photo Path: , Email: {'home': [], 'internet': []}, Phone No: {'cell': [], 'home': [], 'pref': []}
INFO 2024-06-06 19:31:16,563 views  List List(id=115, name=My Contacts)
INFO 2024-06-06 19:31:16,563 views Existing Contact - Full Name: ['Q'], Company: , Photo Path: , Email: {'home': [], 'internet': []}, Phone No: {'cell': [], 'home': [], 'pref': []}
INFO 2024-06-06 19:31:16,563 views  List List(id=115, name=My Contacts)
INFO 2024-06-06 19:31:16,564 views Existing Contact - Full Name: ['Q'], Company: , Photo Path: , Email: {'home': [], 'internet': []}, Phone No: {'cell': [], 'home': [], 'pref': []}
INFO 2024-06-06 19:31:16,564 views  List List(id=115, name=My Contacts)
INFO 2024-06-06 19:31:16,565 views Existing Contact - Full Name: ['Q'], Company: , Photo Path: , Email: {'home': [], 'internet': []}, Phone No: {'cell': [], 'home': [], 'pref': []}
INFO 2024-06-06 19:31:16,565 views  List List(id=115, name=My Contacts)
INFO 2024-06-06 19:31:16,566 views  List List(id=115, name=My Contacts)
INFO 2024-06-06 19:31:16,571 views  List List(id=115, name=My Contacts)
INFO 2024-06-06 19:31:16,576 views  List List(id=115, name=My Contacts)
INFO 2024-06-06 19:31:16,577 views  List List(id=115, name=My Contacts)
INFO 2024-06-06 19:31:16,582 views  List List(id=115, name=My Contacts)
INFO 2024-06-06 19:31:16,589 views  List List(id=115, name=My Contacts)
INFO 2024-06-06 19:31:16,596 views  List List(id=115, name=My Contacts)
INFO 2024-06-06 19:31:16,608 views  List List(id=115, name=My Contacts)
INFO 2024-06-06 19:31:16,610 views  List List(id=115, name=My Contacts)
INFO 2024-06-06 19:31:16,611 views  List List(id=115, name=My Contacts)
INFO 2024-06-06 19:31:16,612 views  List List(id=115, name=My Contacts)
INFO 2024-06-06 19:31:16,613 views  List List(id=115, name=My Contacts)
INFO 2024-06-06 19:31:16,613 views  List List(id=115, name=My Contacts)
INFO 2024-06-06 19:31:16,614 views  List List(id=115, name=My Contacts)
INFO 2024-06-06 19:31:16,616 views  List List(id=115, name=My Contacts)
INFO 2024-06-06 19:31:16,617 views  List List(id=115, name=My Contacts)
INFO 2024-06-06 19:31:16,620 views QuerySet:
INFO 2024-06-06 19:31:16,621 basehttp "POST /api/parse-vcf/ HTTP/1.1" 200 63837
INFO 2024-06-06 19:36:30,507 views  List List(id=115, name=My Contacts)
INFO 2024-06-06 19:36:30,513 views  List List(id=115, name=My Contacts)
INFO 2024-06-06 19:36:30,526 views  List List(id=115, name=My Contacts)
INFO 2024-06-06 19:36:30,713 views  List List(id=115, name=My Contacts)
INFO 2024-06-06 19:36:30,727 views  List List(id=115, name=My Contacts)
INFO 2024-06-06 19:36:30,735 views  List List(id=115, name=My Contacts)
INFO 2024-06-06 19:36:30,738 views  List List(id=115, name=My Contacts)
INFO 2024-06-06 19:36:30,745 views  List List(id=115, name=My Contacts)
INFO 2024-06-06 19:36:30,747 views  List List(id=115, name=My Contacts)
INFO 2024-06-06 19:36:30,750 views  List List(id=115, name=My Contacts)
INFO 2024-06-06 19:36:30,751 views  List List(id=115, name=My Contacts)
INFO 2024-06-06 19:36:30,753 views  List List(id=115, name=My Contacts)
INFO 2024-06-06 19:36:30,755 views  List List(id=115, name=My Contacts)
INFO 2024-06-06 19:36:30,758 views  List List(id=115, name=My Contacts)
INFO 2024-06-06 19:36:30,760 views  List List(id=115, name=My Contacts)
INFO 2024-06-06 19:36:30,762 views  List List(id=115, name=My Contacts)
INFO 2024-06-06 19:36:30,763 views  List List(id=115, name=My Contacts)
INFO 2024-06-06 19:36:30,765 views  List List(id=115, name=My Contacts)
INFO 2024-06-06 19:36:30,766 views  List List(id=115, name=My Contacts)
INFO 2024-06-06 19:36:30,780 views  List List(id=115, name=My Contacts)
INFO 2024-06-06 19:36:30,782 views  List List(id=115, name=My Contacts)
INFO 2024-06-06 19:36:30,783 views  List List(id=115, name=My Contacts)
INFO 2024-06-06 19:36:30,784 views  List List(id=115, name=My Contacts)
INFO 2024-06-06 19:36:30,785 views  List List(id=115, name=My Contacts)
INFO 2024-06-06 19:36:30,787 views  List List(id=115, name=My Contacts)
INFO 2024-06-06 19:36:30,788 views  List List(id=115, name=My Contacts)
INFO 2024-06-06 19:36:30,790 views  List List(id=115, name=My Contacts)
INFO 2024-06-06 19:36:30,791 views  List List(id=115, name=My Contacts)
INFO 2024-06-06 19:36:30,791 views  List List(id=115, name=My Contacts)
INFO 2024-06-06 19:36:30,809 views  List List(id=115, name=My Contacts)
INFO 2024-06-06 19:36:30,810 views  List List(id=115, name=My Contacts)
INFO 2024-06-06 19:36:30,811 views  List List(id=115, name=My Contacts)
INFO 2024-06-06 19:36:30,812 views  List List(id=115, name=My Contacts)
INFO 2024-06-06 19:36:30,813 views  List List(id=115, name=My Contacts)
INFO 2024-06-06 19:36:30,814 views  List List(id=115, name=My Contacts)
INFO 2024-06-06 19:36:30,822 views  List List(id=115, name=My Contacts)
INFO 2024-06-06 19:36:30,823 views  List List(id=115, name=My Contacts)
INFO 2024-06-06 19:36:30,824 views  List List(id=115, name=My Contacts)
INFO 2024-06-06 19:36:30,825 views  List List(id=115, name=My Contacts)
INFO 2024-06-06 19:36:30,830 views  List List(id=115, name=My Contacts)
INFO 2024-06-06 19:36:30,831 views  List List(id=115, name=My Contacts)
INFO 2024-06-06 19:36:30,833 views  List List(id=115, name=My Contacts)
INFO 2024-06-06 19:36:30,834 views  List List(id=115, name=My Contacts)
INFO 2024-06-06 19:36:30,835 views  List List(id=115, name=My Contacts)
INFO 2024-06-06 19:36:30,836 views  List List(id=115, name=My Contacts)
INFO 2024-06-06 19:36:30,836 views  List List(id=115, name=My Contacts)
INFO 2024-06-06 19:36:30,837 views  List List(id=115, name=My Contacts)
INFO 2024-06-06 19:36:30,838 views  List List(id=115, name=My Contacts)
INFO 2024-06-06 19:36:30,839 views  List List(id=115, name=My Contacts)
INFO 2024-06-06 19:36:30,840 views  List List(id=115, name=My Contacts)
INFO 2024-06-06 19:36:30,841 views  List List(id=115, name=My Contacts)
INFO 2024-06-06 19:36:30,842 views  List List(id=115, name=My Contacts)
INFO 2024-06-06 19:36:30,843 views  List List(id=115, name=My Contacts)
INFO 2024-06-06 19:36:30,845 views  List List(id=115, name=My Contacts)
INFO 2024-06-06 19:36:30,846 views  List List(id=115, name=My Contacts)
INFO 2024-06-06 19:36:30,848 views  List List(id=115, name=My Contacts)
INFO 2024-06-06 19:36:30,849 views  List List(id=115, name=My Contacts)
INFO 2024-06-06 19:36:30,850 views  List List(id=115, name=My Contacts)
INFO 2024-06-06 19:36:30,851 views  List List(id=115, name=My Contacts)
INFO 2024-06-06 19:36:30,852 views  List List(id=115, name=My Contacts)
INFO 2024-06-06 19:36:30,853 views  List List(id=115, name=My Contacts)
INFO 2024-06-06 19:36:30,854 views  List List(id=115, name=My Contacts)
INFO 2024-06-06 19:36:30,854 views  List List(id=115, name=My Contacts)
INFO 2024-06-06 19:36:30,855 views  List List(id=115, name=My Contacts)
INFO 2024-06-06 19:36:30,856 views  List List(id=115, name=My Contacts)
INFO 2024-06-06 19:36:30,857 views  List List(id=115, name=My Contacts)
INFO 2024-06-06 19:36:30,858 views  List List(id=115, name=My Contacts)
INFO 2024-06-06 19:36:30,860 views  List List(id=115, name=My Contacts)
INFO 2024-06-06 19:36:30,861 views  List List(id=115, name=My Contacts)
INFO 2024-06-06 19:36:30,862 views  List List(id=115, name=My Contacts)
INFO 2024-06-06 19:36:30,863 views  List List(id=115, name=My Contacts)
INFO 2024-06-06 19:36:30,864 views  List List(id=115, name=My Contacts)
INFO 2024-06-06 19:36:30,865 views  List List(id=115, name=My Contacts)
INFO 2024-06-06 19:36:30,866 views  List List(id=115, name=My Contacts)
INFO 2024-06-06 19:36:30,867 views  List List(id=115, name=My Contacts)
INFO 2024-06-06 19:36:30,868 views  List List(id=115, name=My Contacts)
INFO 2024-06-06 19:36:30,869 views  List List(id=115, name=My Contacts)
INFO 2024-06-06 19:36:30,869 views  List List(id=115, name=My Contacts)
INFO 2024-06-06 19:36:30,877 views  List List(id=115, name=My Contacts)
INFO 2024-06-06 19:36:30,878 views  List List(id=115, name=My Contacts)
INFO 2024-06-06 19:36:30,879 views  List List(id=115, name=My Contacts)
INFO 2024-06-06 19:36:30,881 views  List List(id=115, name=My Contacts)
INFO 2024-06-06 19:36:30,882 views  List List(id=115, name=My Contacts)
INFO 2024-06-06 19:36:30,884 views  List List(id=115, name=My Contacts)
INFO 2024-06-06 19:36:30,885 views  List List(id=115, name=My Contacts)
INFO 2024-06-06 19:36:30,887 views  List List(id=115, name=My Contacts)
INFO 2024-06-06 19:36:30,888 views  List List(id=115, name=My Contacts)
INFO 2024-06-06 19:36:30,890 views  List List(id=115, name=My Contacts)
INFO 2024-06-06 19:36:30,891 views  List List(id=115, name=My Contacts)
INFO 2024-06-06 19:36:30,892 views  List List(id=115, name=My Contacts)
INFO 2024-06-06 19:36:30,894 views  List List(id=115, name=My Contacts)
INFO 2024-06-06 19:36:30,895 views  List List(id=115, name=My Contacts)
INFO 2024-06-06 19:36:30,895 views  List List(id=115, name=My Contacts)
INFO 2024-06-06 19:36:30,897 views  List List(id=115, name=My Contacts)
INFO 2024-06-06 19:36:30,899 views  List List(id=115, name=My Contacts)
INFO 2024-06-06 19:36:30,912 views  List List(id=115, name=My Contacts)
INFO 2024-06-06 19:36:30,914 views  List List(id=115, name=My Contacts)
INFO 2024-06-06 19:36:30,915 views  List List(id=115, name=My Contacts)
INFO 2024-06-06 19:36:30,916 views  List List(id=115, name=My Contacts)
INFO 2024-06-06 19:36:30,931 views  List List(id=115, name=My Contacts)
INFO 2024-06-06 19:36:30,942 views  List List(id=115, name=My Contacts)
INFO 2024-06-06 19:36:30,943 views  List List(id=115, name=My Contacts)
INFO 2024-06-06 19:36:30,960 views  List List(id=115, name=My Contacts)
INFO 2024-06-06 19:36:30,966 views  List List(id=115, name=My Contacts)
INFO 2024-06-06 19:36:30,967 views  List List(id=115, name=My Contacts)
INFO 2024-06-06 19:36:30,969 views  List List(id=115, name=My Contacts)
INFO 2024-06-06 19:36:30,997 views  List List(id=115, name=My Contacts)
INFO 2024-06-06 19:36:30,999 views  List List(id=115, name=My Contacts)
INFO 2024-06-06 19:36:31,001 views  List List(id=115, name=My Contacts)
INFO 2024-06-06 19:36:31,002 views  List List(id=115, name=My Contacts)
INFO 2024-06-06 19:36:31,003 views  List List(id=115, name=My Contacts)
INFO 2024-06-06 19:36:31,004 views  List List(id=115, name=My Contacts)
INFO 2024-06-06 19:36:31,005 views  List List(id=115, name=My Contacts)
INFO 2024-06-06 19:36:31,006 views  List List(id=115, name=My Contacts)
INFO 2024-06-06 19:36:31,016 views  List List(id=115, name=My Contacts)
INFO 2024-06-06 19:36:31,018 views  List List(id=115, name=My Contacts)
INFO 2024-06-06 19:36:31,019 views  List List(id=115, name=My Contacts)
INFO 2024-06-06 19:36:31,021 views  List List(id=115, name=My Contacts)
INFO 2024-06-06 19:36:31,022 views  List List(id=115, name=My Contacts)
INFO 2024-06-06 19:36:31,023 views  List List(id=115, name=My Contacts)
INFO 2024-06-06 19:36:31,023 views  List List(id=115, name=My Contacts)
INFO 2024-06-06 19:36:31,024 views  List List(id=115, name=My Contacts)
INFO 2024-06-06 19:36:31,025 views  List List(id=115, name=My Contacts)
INFO 2024-06-06 19:36:31,026 views  List List(id=115, name=My Contacts)
INFO 2024-06-06 19:36:31,027 views  List List(id=115, name=My Contacts)
INFO 2024-06-06 19:36:31,028 views  List List(id=115, name=My Contacts)
INFO 2024-06-06 19:36:31,029 views  List List(id=115, name=My Contacts)
INFO 2024-06-06 19:36:31,139 views  List List(id=115, name=My Contacts)
INFO 2024-06-06 19:36:31,143 views  List List(id=115, name=My Contacts)
INFO 2024-06-06 19:36:31,174 views  List List(id=115, name=My Contacts)
INFO 2024-06-06 19:36:31,176 views  List List(id=115, name=My Contacts)
INFO 2024-06-06 19:36:31,178 views  List List(id=115, name=My Contacts)
INFO 2024-06-06 19:36:31,182 views  List List(id=115, name=My Contacts)
INFO 2024-06-06 19:36:31,186 views  List List(id=115, name=My Contacts)
INFO 2024-06-06 19:36:31,188 views  List List(id=115, name=My Contacts)
INFO 2024-06-06 19:36:31,192 views  List List(id=115, name=My Contacts)
INFO 2024-06-06 19:36:31,203 views  List List(id=115, name=My Contacts)
INFO 2024-06-06 19:36:31,204 views  List List(id=115, name=My Contacts)
INFO 2024-06-06 19:36:31,206 views  List List(id=115, name=My Contacts)
INFO 2024-06-06 19:36:31,207 views  List List(id=115, name=My Contacts)
INFO 2024-06-06 19:36:31,208 views  List List(id=115, name=My Contacts)
INFO 2024-06-06 19:36:31,220 views  List List(id=115, name=My Contacts)
INFO 2024-06-06 19:36:31,222 views  List List(id=115, name=My Contacts)
INFO 2024-06-06 19:36:31,223 views  List List(id=115, name=My Contacts)
INFO 2024-06-06 19:36:31,224 views  List List(id=115, name=My Contacts)
INFO 2024-06-06 19:36:31,224 views  List List(id=115, name=My Contacts)
INFO 2024-06-06 19:36:31,225 views  List List(id=115, name=My Contacts)
INFO 2024-06-06 19:36:31,226 views  List List(id=115, name=My Contacts)
INFO 2024-06-06 19:36:31,227 views  List List(id=115, name=My Contacts)
INFO 2024-06-06 19:36:31,228 views  List List(id=115, name=My Contacts)
INFO 2024-06-06 19:36:31,229 views  List List(id=115, name=My Contacts)
INFO 2024-06-06 19:36:31,229 views  List List(id=115, name=My Contacts)
INFO 2024-06-06 19:36:31,230 views  List List(id=115, name=My Contacts)
INFO 2024-06-06 19:36:31,231 views  List List(id=115, name=My Contacts)
INFO 2024-06-06 19:36:31,235 views  List List(id=115, name=My Contacts)
INFO 2024-06-06 19:36:31,236 views  List List(id=115, name=My Contacts)
INFO 2024-06-06 19:36:31,237 views  List List(id=115, name=My Contacts)
INFO 2024-06-06 19:36:31,238 views  List List(id=115, name=My Contacts)
INFO 2024-06-06 19:36:31,252 views  List List(id=115, name=My Contacts)
INFO 2024-06-06 19:36:31,253 views  List List(id=115, name=My Contacts)
INFO 2024-06-06 19:36:31,254 views  List List(id=115, name=My Contacts)
INFO 2024-06-06 19:36:31,255 views  List List(id=115, name=My Contacts)
INFO 2024-06-06 19:36:31,256 views  List List(id=115, name=My Contacts)
INFO 2024-06-06 19:36:31,257 views  List List(id=115, name=My Contacts)
INFO 2024-06-06 19:36:31,258 views  List List(id=115, name=My Contacts)
INFO 2024-06-06 19:36:31,259 views  List List(id=115, name=My Contacts)
INFO 2024-06-06 19:36:31,259 views  List List(id=115, name=My Contacts)
INFO 2024-06-06 19:36:31,468 views  List List(id=115, name=My Contacts)
INFO 2024-06-06 19:36:31,471 views  List List(id=115, name=My Contacts)
INFO 2024-06-06 19:36:31,474 views  List List(id=115, name=My Contacts)
INFO 2024-06-06 19:36:31,476 views  List List(id=115, name=My Contacts)
INFO 2024-06-06 19:36:31,489 views  List List(id=115, name=My Contacts)
INFO 2024-06-06 19:36:31,493 views  List List(id=115, name=My Contacts)
INFO 2024-06-06 19:36:31,495 views  List List(id=115, name=My Contacts)
INFO 2024-06-06 19:36:31,507 views  List List(id=115, name=My Contacts)
INFO 2024-06-06 19:36:31,509 views  List List(id=115, name=My Contacts)
INFO 2024-06-06 19:36:31,510 views  List List(id=115, name=My Contacts)
INFO 2024-06-06 19:36:31,534 views  List List(id=115, name=My Contacts)
INFO 2024-06-06 19:36:31,537 views  List List(id=115, name=My Contacts)
INFO 2024-06-06 19:36:31,541 views  List List(id=115, name=My Contacts)
INFO 2024-06-06 19:36:31,544 views  List List(id=115, name=My Contacts)
INFO 2024-06-06 19:36:31,546 views  List List(id=115, name=My Contacts)
INFO 2024-06-06 19:36:31,566 views  List List(id=115, name=My Contacts)
INFO 2024-06-06 19:36:31,574 views  List List(id=115, name=My Contacts)
INFO 2024-06-06 19:36:31,576 views  List List(id=115, name=My Contacts)
INFO 2024-06-06 19:36:31,603 views  List List(id=115, name=My Contacts)
INFO 2024-06-06 19:36:31,607 views  List List(id=115, name=My Contacts)
INFO 2024-06-06 19:36:31,610 views  List List(id=115, name=My Contacts)
INFO 2024-06-06 19:36:31,612 views  List List(id=115, name=My Contacts)
INFO 2024-06-06 19:36:31,618 views  List List(id=115, name=My Contacts)
INFO 2024-06-06 19:36:31,620 views  List List(id=115, name=My Contacts)
INFO 2024-06-06 19:36:31,621 views  List List(id=115, name=My Contacts)
INFO 2024-06-06 19:36:31,622 views  List List(id=115, name=My Contacts)
INFO 2024-06-06 19:36:31,623 views  List List(id=115, name=My Contacts)
INFO 2024-06-06 19:36:31,624 views  List List(id=115, name=My Contacts)
INFO 2024-06-06 19:36:31,625 views  List List(id=115, name=My Contacts)
INFO 2024-06-06 19:36:31,626 views  List List(id=115, name=My Contacts)
INFO 2024-06-06 19:36:31,627 views  List List(id=115, name=My Contacts)
INFO 2024-06-06 19:36:31,628 views  List List(id=115, name=My Contacts)
INFO 2024-06-06 19:36:31,628 views  List List(id=115, name=My Contacts)
INFO 2024-06-06 19:36:31,629 views  List List(id=115, name=My Contacts)
INFO 2024-06-06 19:36:31,630 views  List List(id=115, name=My Contacts)
INFO 2024-06-06 19:36:31,631 views  List List(id=115, name=My Contacts)
INFO 2024-06-06 19:36:31,666 views  List List(id=115, name=My Contacts)
INFO 2024-06-06 19:36:31,669 views  List List(id=115, name=My Contacts)
INFO 2024-06-06 19:36:31,671 views  List List(id=115, name=My Contacts)
INFO 2024-06-06 19:36:31,673 views  List List(id=115, name=My Contacts)
INFO 2024-06-06 19:36:31,674 views  List List(id=115, name=My Contacts)
INFO 2024-06-06 19:36:31,675 views  List List(id=115, name=My Contacts)
INFO 2024-06-06 19:36:31,676 views  List List(id=115, name=My Contacts)
INFO 2024-06-06 19:36:31,676 views  List List(id=115, name=My Contacts)
INFO 2024-06-06 19:36:31,677 views  List List(id=115, name=My Contacts)
INFO 2024-06-06 19:36:31,686 views  List List(id=115, name=My Contacts)
INFO 2024-06-06 19:36:31,703 views  List List(id=115, name=My Contacts)
INFO 2024-06-06 19:36:31,704 views  List List(id=115, name=My Contacts)
INFO 2024-06-06 19:36:31,705 views  List List(id=115, name=My Contacts)
INFO 2024-06-06 19:36:31,706 views  List List(id=115, name=My Contacts)
INFO 2024-06-06 19:36:31,707 views  List List(id=115, name=My Contacts)
INFO 2024-06-06 19:36:31,708 views  List List(id=115, name=My Contacts)
INFO 2024-06-06 19:36:31,709 views  List List(id=115, name=My Contacts)
INFO 2024-06-06 19:36:31,710 views  List List(id=115, name=My Contacts)
INFO 2024-06-06 19:36:31,711 views  List List(id=115, name=My Contacts)
INFO 2024-06-06 19:36:31,711 views Existing Contact - Full Name: ['Aryan'], Company: , Photo Path: , Email: {'home': [], 'internet': []}, Phone No: {'cell': ['(972) 800-4944'], 'home': [], 'pref': []}
INFO 2024-06-06 19:36:31,712 views  List List(id=115, name=My Contacts)
INFO 2024-06-06 19:36:31,713 views  List List(id=115, name=My Contacts)
INFO 2024-06-06 19:36:31,713 views  List List(id=115, name=My Contacts)
INFO 2024-06-06 19:36:31,714 views  List List(id=115, name=My Contacts)
INFO 2024-06-06 19:36:31,715 views  List List(id=115, name=My Contacts)
INFO 2024-06-06 19:36:31,716 views  List List(id=115, name=My Contacts)
INFO 2024-06-06 19:36:31,717 views  List List(id=115, name=My Contacts)
INFO 2024-06-06 19:36:31,718 views  List List(id=115, name=My Contacts)
INFO 2024-06-06 19:36:31,719 views  List List(id=115, name=My Contacts)
INFO 2024-06-06 19:36:31,720 views  List List(id=115, name=My Contacts)
INFO 2024-06-06 19:36:31,721 views  List List(id=115, name=My Contacts)
INFO 2024-06-06 19:36:31,721 views  List List(id=115, name=My Contacts)
INFO 2024-06-06 19:36:31,722 views  List List(id=115, name=My Contacts)
INFO 2024-06-06 19:36:31,723 views  List List(id=115, name=My Contacts)
INFO 2024-06-06 19:36:31,724 views  List List(id=115, name=My Contacts)
INFO 2024-06-06 19:36:31,725 views  List List(id=115, name=My Contacts)
INFO 2024-06-06 19:36:31,726 views  List List(id=115, name=My Contacts)
INFO 2024-06-06 19:36:31,727 views  List List(id=115, name=My Contacts)
INFO 2024-06-06 19:36:31,727 views  List List(id=115, name=My Contacts)
INFO 2024-06-06 19:36:31,728 views  List List(id=115, name=My Contacts)
INFO 2024-06-06 19:36:31,729 views  List List(id=115, name=My Contacts)
INFO 2024-06-06 19:36:31,730 views  List List(id=115, name=My Contacts)
INFO 2024-06-06 19:36:31,731 views  List List(id=115, name=My Contacts)
INFO 2024-06-06 19:36:31,732 views  List List(id=115, name=My Contacts)
INFO 2024-06-06 19:36:31,733 views  List List(id=115, name=My Contacts)
INFO 2024-06-06 19:36:31,734 views  List List(id=115, name=My Contacts)
INFO 2024-06-06 19:36:31,734 views  List List(id=115, name=My Contacts)
INFO 2024-06-06 19:36:31,735 views  List List(id=115, name=My Contacts)
INFO 2024-06-06 19:36:31,736 views  List List(id=115, name=My Contacts)
INFO 2024-06-06 19:36:31,737 views  List List(id=115, name=My Contacts)
INFO 2024-06-06 19:36:31,738 views  List List(id=115, name=My Contacts)
INFO 2024-06-06 19:36:31,739 views  List List(id=115, name=My Contacts)
INFO 2024-06-06 19:36:31,740 views  List List(id=115, name=My Contacts)
INFO 2024-06-06 19:36:31,741 views  List List(id=115, name=My Contacts)
INFO 2024-06-06 19:36:31,742 views  List List(id=115, name=My Contacts)
INFO 2024-06-06 19:36:31,743 views  List List(id=115, name=My Contacts)
INFO 2024-06-06 19:36:31,744 views  List List(id=115, name=My Contacts)
INFO 2024-06-06 19:36:31,744 views  List List(id=115, name=My Contacts)
INFO 2024-06-06 19:36:31,767 views  List List(id=115, name=My Contacts)
INFO 2024-06-06 19:36:31,769 views  List List(id=115, name=My Contacts)
INFO 2024-06-06 19:36:31,770 views  List List(id=115, name=My Contacts)
INFO 2024-06-06 19:36:31,771 views  List List(id=115, name=My Contacts)
INFO 2024-06-06 19:36:31,772 views  List List(id=115, name=My Contacts)
INFO 2024-06-06 19:36:31,773 views  List List(id=115, name=My Contacts)
INFO 2024-06-06 19:36:31,774 views  List List(id=115, name=My Contacts)
INFO 2024-06-06 19:36:31,775 views  List List(id=115, name=My Contacts)
INFO 2024-06-06 19:36:31,775 views  List List(id=115, name=My Contacts)
INFO 2024-06-06 19:36:31,791 views  List List(id=115, name=My Contacts)
INFO 2024-06-06 19:36:31,792 views  List List(id=115, name=My Contacts)
INFO 2024-06-06 19:36:31,793 views  List List(id=115, name=My Contacts)
INFO 2024-06-06 19:36:31,794 views  List List(id=115, name=My Contacts)
INFO 2024-06-06 19:36:31,795 views  List List(id=115, name=My Contacts)
INFO 2024-06-06 19:36:31,796 views  List List(id=115, name=My Contacts)
INFO 2024-06-06 19:36:31,797 views  List List(id=115, name=My Contacts)
INFO 2024-06-06 19:36:31,797 views  List List(id=115, name=My Contacts)
INFO 2024-06-06 19:36:31,798 views  List List(id=115, name=My Contacts)
INFO 2024-06-06 19:36:31,799 views  List List(id=115, name=My Contacts)
INFO 2024-06-06 19:36:31,800 views  List List(id=115, name=My Contacts)
INFO 2024-06-06 19:36:31,801 views  List List(id=115, name=My Contacts)
INFO 2024-06-06 19:36:31,802 views  List List(id=115, name=My Contacts)
INFO 2024-06-06 19:36:31,803 views  List List(id=115, name=My Contacts)
INFO 2024-06-06 19:36:31,804 views  List List(id=115, name=My Contacts)
INFO 2024-06-06 19:36:31,805 views  List List(id=115, name=My Contacts)
INFO 2024-06-06 19:36:31,806 views  List List(id=115, name=My Contacts)
INFO 2024-06-06 19:36:31,807 views  List List(id=115, name=My Contacts)
INFO 2024-06-06 19:36:31,808 views  List List(id=115, name=My Contacts)
INFO 2024-06-06 19:36:31,809 views  List List(id=115, name=My Contacts)
INFO 2024-06-06 19:36:31,810 views  List List(id=115, name=My Contacts)
INFO 2024-06-06 19:36:31,810 views  List List(id=115, name=My Contacts)
INFO 2024-06-06 19:36:31,811 views  List List(id=115, name=My Contacts)
INFO 2024-06-06 19:36:31,812 views  List List(id=115, name=My Contacts)
INFO 2024-06-06 19:36:31,813 views  List List(id=115, name=My Contacts)
INFO 2024-06-06 19:36:31,814 views  List List(id=115, name=My Contacts)
INFO 2024-06-06 19:36:31,815 views  List List(id=115, name=My Contacts)
INFO 2024-06-06 19:36:31,816 views  List List(id=115, name=My Contacts)
INFO 2024-06-06 19:36:31,817 views  List List(id=115, name=My Contacts)
INFO 2024-06-06 19:36:31,818 views  List List(id=115, name=My Contacts)
INFO 2024-06-06 19:36:31,819 views  List List(id=115, name=My Contacts)
INFO 2024-06-06 19:36:31,820 views  List List(id=115, name=My Contacts)
INFO 2024-06-06 19:36:31,820 views  List List(id=115, name=My Contacts)
INFO 2024-06-06 19:36:31,821 views  List List(id=115, name=My Contacts)
INFO 2024-06-06 19:36:31,822 views  List List(id=115, name=My Contacts)
INFO 2024-06-06 19:36:31,823 views  List List(id=115, name=My Contacts)
INFO 2024-06-06 19:36:31,824 views  List List(id=115, name=My Contacts)
INFO 2024-06-06 19:36:31,825 views  List List(id=115, name=My Contacts)
INFO 2024-06-06 19:36:31,826 views  List List(id=115, name=My Contacts)
INFO 2024-06-06 19:36:31,827 views  List List(id=115, name=My Contacts)
INFO 2024-06-06 19:36:31,827 views  List List(id=115, name=My Contacts)
INFO 2024-06-06 19:36:31,828 views  List List(id=115, name=My Contacts)
INFO 2024-06-06 19:36:31,829 views  List List(id=115, name=My Contacts)
INFO 2024-06-06 19:36:31,830 views  List List(id=115, name=My Contacts)
INFO 2024-06-06 19:36:31,831 views  List List(id=115, name=My Contacts)
INFO 2024-06-06 19:36:31,832 views  List List(id=115, name=My Contacts)
INFO 2024-06-06 19:36:31,833 views  List List(id=115, name=My Contacts)
INFO 2024-06-06 19:36:31,834 views  List List(id=115, name=My Contacts)
INFO 2024-06-06 19:36:31,835 views  List List(id=115, name=My Contacts)
INFO 2024-06-06 19:36:31,836 views  List List(id=115, name=My Contacts)
INFO 2024-06-06 19:36:31,837 views  List List(id=115, name=My Contacts)
INFO 2024-06-06 19:36:31,838 views  List List(id=115, name=My Contacts)
INFO 2024-06-06 19:36:31,838 views  List List(id=115, name=My Contacts)
INFO 2024-06-06 19:36:31,839 views  List List(id=115, name=My Contacts)
INFO 2024-06-06 19:36:31,840 views  List List(id=115, name=My Contacts)
INFO 2024-06-06 19:36:31,841 views  List List(id=115, name=My Contacts)
INFO 2024-06-06 19:36:31,842 views Existing Contact - Full Name: ['Q'], Company: , Photo Path: , Email: {'home': [], 'internet': []}, Phone No: {'cell': [], 'home': [], 'pref': []}
INFO 2024-06-06 19:36:31,842 views  List List(id=115, name=My Contacts)
INFO 2024-06-06 19:36:31,842 views Existing Contact - Full Name: ['Q'], Company: , Photo Path: , Email: {'home': [], 'internet': []}, Phone No: {'cell': [], 'home': [], 'pref': []}
INFO 2024-06-06 19:36:31,843 views  List List(id=115, name=My Contacts)
INFO 2024-06-06 19:36:31,843 views Existing Contact - Full Name: ['Q'], Company: , Photo Path: , Email: {'home': [], 'internet': []}, Phone No: {'cell': [], 'home': [], 'pref': []}
INFO 2024-06-06 19:36:31,843 views  List List(id=115, name=My Contacts)
INFO 2024-06-06 19:36:31,844 views Existing Contact - Full Name: ['Q'], Company: , Photo Path: , Email: {'home': [], 'internet': []}, Phone No: {'cell': [], 'home': [], 'pref': []}
INFO 2024-06-06 19:36:31,844 views  List List(id=115, name=My Contacts)
INFO 2024-06-06 19:36:31,845 views Existing Contact - Full Name: ['Q'], Company: , Photo Path: , Email: {'home': [], 'internet': []}, Phone No: {'cell': [], 'home': [], 'pref': []}
INFO 2024-06-06 19:36:31,845 views  List List(id=115, name=My Contacts)
INFO 2024-06-06 19:36:31,845 views Existing Contact - Full Name: ['Q'], Company: , Photo Path: , Email: {'home': [], 'internet': []}, Phone No: {'cell': [], 'home': [], 'pref': []}
INFO 2024-06-06 19:36:31,845 views  List List(id=115, name=My Contacts)
INFO 2024-06-06 19:36:31,846 views  List List(id=115, name=My Contacts)
INFO 2024-06-06 19:36:31,851 views  List List(id=115, name=My Contacts)
INFO 2024-06-06 19:36:31,857 views  List List(id=115, name=My Contacts)
INFO 2024-06-06 19:36:31,858 views  List List(id=115, name=My Contacts)
INFO 2024-06-06 19:36:31,859 views  List List(id=115, name=My Contacts)
INFO 2024-06-06 19:36:31,868 views  List List(id=115, name=My Contacts)
INFO 2024-06-06 19:36:31,877 views  List List(id=115, name=My Contacts)
INFO 2024-06-06 19:36:31,891 views  List List(id=115, name=My Contacts)
INFO 2024-06-06 19:36:31,892 views  List List(id=115, name=My Contacts)
INFO 2024-06-06 19:36:31,893 views  List List(id=115, name=My Contacts)
INFO 2024-06-06 19:36:31,895 views  List List(id=115, name=My Contacts)
INFO 2024-06-06 19:36:31,896 views  List List(id=115, name=My Contacts)
INFO 2024-06-06 19:36:31,897 views  List List(id=115, name=My Contacts)
INFO 2024-06-06 19:36:31,898 views  List List(id=115, name=My Contacts)
INFO 2024-06-06 19:36:31,899 views  List List(id=115, name=My Contacts)
INFO 2024-06-06 19:36:31,900 views  List List(id=115, name=My Contacts)
INFO 2024-06-06 19:36:31,903 views QuerySet:
INFO 2024-06-06 19:36:31,905 basehttp "POST /api/parse-vcf/ HTTP/1.1" 200 63837
INFO 2024-06-06 19:39:08,585 views  List List(id=116, name=Contacts)
INFO 2024-06-06 19:39:08,589 views  List List(id=116, name=Contacts)
INFO 2024-06-06 19:39:08,599 views  List List(id=116, name=Contacts)
INFO 2024-06-06 19:39:08,769 views  List List(id=116, name=Contacts)
INFO 2024-06-06 19:39:08,782 views  List List(id=116, name=Contacts)
INFO 2024-06-06 19:39:08,789 views  List List(id=116, name=Contacts)
INFO 2024-06-06 19:39:08,792 views  List List(id=116, name=Contacts)
INFO 2024-06-06 19:39:08,795 views  List List(id=116, name=Contacts)
INFO 2024-06-06 19:39:08,800 views  List List(id=116, name=Contacts)
INFO 2024-06-06 19:39:08,806 views  List List(id=116, name=Contacts)
INFO 2024-06-06 19:39:08,809 views  List List(id=116, name=Contacts)
INFO 2024-06-06 19:39:08,811 views  List List(id=116, name=Contacts)
INFO 2024-06-06 19:39:08,812 views  List List(id=116, name=Contacts)
INFO 2024-06-06 19:39:08,815 views  List List(id=116, name=Contacts)
INFO 2024-06-06 19:39:08,817 views  List List(id=116, name=Contacts)
INFO 2024-06-06 19:39:08,819 views  List List(id=116, name=Contacts)
INFO 2024-06-06 19:39:08,820 views  List List(id=116, name=Contacts)
INFO 2024-06-06 19:39:08,821 views  List List(id=116, name=Contacts)
INFO 2024-06-06 19:39:08,822 views  List List(id=116, name=Contacts)
INFO 2024-06-06 19:39:08,834 views  List List(id=116, name=Contacts)
INFO 2024-06-06 19:39:08,835 views  List List(id=116, name=Contacts)
INFO 2024-06-06 19:39:08,836 views  List List(id=116, name=Contacts)
INFO 2024-06-06 19:39:08,837 views  List List(id=116, name=Contacts)
INFO 2024-06-06 19:39:08,838 views  List List(id=116, name=Contacts)
INFO 2024-06-06 19:39:08,840 views  List List(id=116, name=Contacts)
INFO 2024-06-06 19:39:08,841 views  List List(id=116, name=Contacts)
INFO 2024-06-06 19:39:08,842 views  List List(id=116, name=Contacts)
INFO 2024-06-06 19:39:08,843 views  List List(id=116, name=Contacts)
INFO 2024-06-06 19:39:08,843 views  List List(id=116, name=Contacts)
INFO 2024-06-06 19:39:08,863 views  List List(id=116, name=Contacts)
INFO 2024-06-06 19:39:08,865 views  List List(id=116, name=Contacts)
INFO 2024-06-06 19:39:08,866 views  List List(id=116, name=Contacts)
INFO 2024-06-06 19:39:08,867 views  List List(id=116, name=Contacts)
INFO 2024-06-06 19:39:08,868 views  List List(id=116, name=Contacts)
INFO 2024-06-06 19:39:08,869 views  List List(id=116, name=Contacts)
INFO 2024-06-06 19:39:08,878 views  List List(id=116, name=Contacts)
INFO 2024-06-06 19:39:08,879 views  List List(id=116, name=Contacts)
INFO 2024-06-06 19:39:08,880 views  List List(id=116, name=Contacts)
INFO 2024-06-06 19:39:08,881 views  List List(id=116, name=Contacts)
INFO 2024-06-06 19:39:08,885 views  List List(id=116, name=Contacts)
INFO 2024-06-06 19:39:08,886 views  List List(id=116, name=Contacts)
INFO 2024-06-06 19:39:08,887 views  List List(id=116, name=Contacts)
INFO 2024-06-06 19:39:08,888 views  List List(id=116, name=Contacts)
INFO 2024-06-06 19:39:08,889 views  List List(id=116, name=Contacts)
INFO 2024-06-06 19:39:08,890 views  List List(id=116, name=Contacts)
INFO 2024-06-06 19:39:08,891 views  List List(id=116, name=Contacts)
INFO 2024-06-06 19:39:08,892 views  List List(id=116, name=Contacts)
INFO 2024-06-06 19:39:08,893 views  List List(id=116, name=Contacts)
INFO 2024-06-06 19:39:08,894 views  List List(id=116, name=Contacts)
INFO 2024-06-06 19:39:08,895 views  List List(id=116, name=Contacts)
INFO 2024-06-06 19:39:08,896 views  List List(id=116, name=Contacts)
INFO 2024-06-06 19:39:08,896 views  List List(id=116, name=Contacts)
INFO 2024-06-06 19:39:08,897 views  List List(id=116, name=Contacts)
INFO 2024-06-06 19:39:08,900 views  List List(id=116, name=Contacts)
INFO 2024-06-06 19:39:08,901 views  List List(id=116, name=Contacts)
INFO 2024-06-06 19:39:08,902 views  List List(id=116, name=Contacts)
INFO 2024-06-06 19:39:08,902 views  List List(id=116, name=Contacts)
INFO 2024-06-06 19:39:08,903 views  List List(id=116, name=Contacts)
INFO 2024-06-06 19:39:08,904 views  List List(id=116, name=Contacts)
INFO 2024-06-06 19:39:08,905 views  List List(id=116, name=Contacts)
INFO 2024-06-06 19:39:08,906 views  List List(id=116, name=Contacts)
INFO 2024-06-06 19:39:08,907 views  List List(id=116, name=Contacts)
INFO 2024-06-06 19:39:08,908 views  List List(id=116, name=Contacts)
INFO 2024-06-06 19:39:08,909 views  List List(id=116, name=Contacts)
INFO 2024-06-06 19:39:08,909 views  List List(id=116, name=Contacts)
INFO 2024-06-06 19:39:08,910 views  List List(id=116, name=Contacts)
INFO 2024-06-06 19:39:08,911 views  List List(id=116, name=Contacts)
INFO 2024-06-06 19:39:08,913 views  List List(id=116, name=Contacts)
INFO 2024-06-06 19:39:08,913 views  List List(id=116, name=Contacts)
INFO 2024-06-06 19:39:08,914 views  List List(id=116, name=Contacts)
INFO 2024-06-06 19:39:08,915 views  List List(id=116, name=Contacts)
INFO 2024-06-06 19:39:08,916 views  List List(id=116, name=Contacts)
INFO 2024-06-06 19:39:08,917 views  List List(id=116, name=Contacts)
INFO 2024-06-06 19:39:08,918 views  List List(id=116, name=Contacts)
INFO 2024-06-06 19:39:08,918 views  List List(id=116, name=Contacts)
INFO 2024-06-06 19:39:08,919 views  List List(id=116, name=Contacts)
INFO 2024-06-06 19:39:08,920 views  List List(id=116, name=Contacts)
INFO 2024-06-06 19:39:08,921 views  List List(id=116, name=Contacts)
INFO 2024-06-06 19:39:08,926 views  List List(id=116, name=Contacts)
INFO 2024-06-06 19:39:08,927 views  List List(id=116, name=Contacts)
INFO 2024-06-06 19:39:08,928 views  List List(id=116, name=Contacts)
INFO 2024-06-06 19:39:08,929 views  List List(id=116, name=Contacts)
INFO 2024-06-06 19:39:08,930 views  List List(id=116, name=Contacts)
INFO 2024-06-06 19:39:08,931 views  List List(id=116, name=Contacts)
INFO 2024-06-06 19:39:08,931 views  List List(id=116, name=Contacts)
INFO 2024-06-06 19:39:08,932 views  List List(id=116, name=Contacts)
INFO 2024-06-06 19:39:08,933 views  List List(id=116, name=Contacts)
INFO 2024-06-06 19:39:08,934 views  List List(id=116, name=Contacts)
INFO 2024-06-06 19:39:08,935 views  List List(id=116, name=Contacts)
INFO 2024-06-06 19:39:08,936 views  List List(id=116, name=Contacts)
INFO 2024-06-06 19:39:08,937 views  List List(id=116, name=Contacts)
INFO 2024-06-06 19:39:08,938 views  List List(id=116, name=Contacts)
INFO 2024-06-06 19:39:08,938 views  List List(id=116, name=Contacts)
INFO 2024-06-06 19:39:08,939 views  List List(id=116, name=Contacts)
INFO 2024-06-06 19:39:08,941 views  List List(id=116, name=Contacts)
INFO 2024-06-06 19:39:08,951 views  List List(id=116, name=Contacts)
INFO 2024-06-06 19:39:08,953 views  List List(id=116, name=Contacts)
INFO 2024-06-06 19:39:08,954 views  List List(id=116, name=Contacts)
INFO 2024-06-06 19:39:08,954 views  List List(id=116, name=Contacts)
INFO 2024-06-06 19:39:08,967 views  List List(id=116, name=Contacts)
INFO 2024-06-06 19:39:08,977 views  List List(id=116, name=Contacts)
INFO 2024-06-06 19:39:08,978 views  List List(id=116, name=Contacts)
INFO 2024-06-06 19:39:08,994 views  List List(id=116, name=Contacts)
INFO 2024-06-06 19:39:08,999 views  List List(id=116, name=Contacts)
INFO 2024-06-06 19:39:09,000 views  List List(id=116, name=Contacts)
INFO 2024-06-06 19:39:09,001 views  List List(id=116, name=Contacts)
INFO 2024-06-06 19:39:09,029 views  List List(id=116, name=Contacts)
INFO 2024-06-06 19:39:09,031 views  List List(id=116, name=Contacts)
INFO 2024-06-06 19:39:09,032 views  List List(id=116, name=Contacts)
INFO 2024-06-06 19:39:09,032 views  List List(id=116, name=Contacts)
INFO 2024-06-06 19:39:09,033 views  List List(id=116, name=Contacts)
INFO 2024-06-06 19:39:09,034 views  List List(id=116, name=Contacts)
INFO 2024-06-06 19:39:09,035 views  List List(id=116, name=Contacts)
INFO 2024-06-06 19:39:09,036 views  List List(id=116, name=Contacts)
INFO 2024-06-06 19:39:09,045 views  List List(id=116, name=Contacts)
INFO 2024-06-06 19:39:09,047 views  List List(id=116, name=Contacts)
INFO 2024-06-06 19:39:09,048 views  List List(id=116, name=Contacts)
INFO 2024-06-06 19:39:09,049 views  List List(id=116, name=Contacts)
INFO 2024-06-06 19:39:09,050 views  List List(id=116, name=Contacts)
INFO 2024-06-06 19:39:09,051 views  List List(id=116, name=Contacts)
INFO 2024-06-06 19:39:09,052 views  List List(id=116, name=Contacts)
INFO 2024-06-06 19:39:09,053 views  List List(id=116, name=Contacts)
INFO 2024-06-06 19:39:09,054 views  List List(id=116, name=Contacts)
INFO 2024-06-06 19:39:09,055 views  List List(id=116, name=Contacts)
INFO 2024-06-06 19:39:09,056 views  List List(id=116, name=Contacts)
INFO 2024-06-06 19:39:09,057 views  List List(id=116, name=Contacts)
INFO 2024-06-06 19:39:09,058 views  List List(id=116, name=Contacts)
INFO 2024-06-06 19:39:09,166 views  List List(id=116, name=Contacts)
INFO 2024-06-06 19:39:09,169 views  List List(id=116, name=Contacts)
INFO 2024-06-06 19:39:09,200 views  List List(id=116, name=Contacts)
INFO 2024-06-06 19:39:09,203 views  List List(id=116, name=Contacts)
INFO 2024-06-06 19:39:09,209 views  List List(id=116, name=Contacts)
INFO 2024-06-06 19:39:09,214 views  List List(id=116, name=Contacts)
INFO 2024-06-06 19:39:09,217 views  List List(id=116, name=Contacts)
INFO 2024-06-06 19:39:09,223 views  List List(id=116, name=Contacts)
INFO 2024-06-06 19:39:09,228 views  List List(id=116, name=Contacts)
INFO 2024-06-06 19:39:09,240 views  List List(id=116, name=Contacts)
INFO 2024-06-06 19:39:09,245 views  List List(id=116, name=Contacts)
INFO 2024-06-06 19:39:09,247 views  List List(id=116, name=Contacts)
INFO 2024-06-06 19:39:09,250 views  List List(id=116, name=Contacts)
INFO 2024-06-06 19:39:09,252 views  List List(id=116, name=Contacts)
INFO 2024-06-06 19:39:09,263 views  List List(id=116, name=Contacts)
INFO 2024-06-06 19:39:09,271 views  List List(id=116, name=Contacts)
INFO 2024-06-06 19:39:09,272 views  List List(id=116, name=Contacts)
INFO 2024-06-06 19:39:09,273 views  List List(id=116, name=Contacts)
INFO 2024-06-06 19:39:09,274 views  List List(id=116, name=Contacts)
INFO 2024-06-06 19:39:09,275 views  List List(id=116, name=Contacts)
INFO 2024-06-06 19:39:09,276 views  List List(id=116, name=Contacts)
INFO 2024-06-06 19:39:09,278 views  List List(id=116, name=Contacts)
INFO 2024-06-06 19:39:09,279 views  List List(id=116, name=Contacts)
INFO 2024-06-06 19:39:09,280 views  List List(id=116, name=Contacts)
INFO 2024-06-06 19:39:09,280 views  List List(id=116, name=Contacts)
INFO 2024-06-06 19:39:09,281 views  List List(id=116, name=Contacts)
INFO 2024-06-06 19:39:09,282 views  List List(id=116, name=Contacts)
INFO 2024-06-06 19:39:09,287 views  List List(id=116, name=Contacts)
INFO 2024-06-06 19:39:09,288 views  List List(id=116, name=Contacts)
INFO 2024-06-06 19:39:09,289 views  List List(id=116, name=Contacts)
INFO 2024-06-06 19:39:09,290 views  List List(id=116, name=Contacts)
INFO 2024-06-06 19:39:09,304 views  List List(id=116, name=Contacts)
INFO 2024-06-06 19:39:09,306 views  List List(id=116, name=Contacts)
INFO 2024-06-06 19:39:09,307 views  List List(id=116, name=Contacts)
INFO 2024-06-06 19:39:09,308 views  List List(id=116, name=Contacts)
INFO 2024-06-06 19:39:09,309 views  List List(id=116, name=Contacts)
INFO 2024-06-06 19:39:09,309 views  List List(id=116, name=Contacts)
INFO 2024-06-06 19:39:09,310 views  List List(id=116, name=Contacts)
INFO 2024-06-06 19:39:09,312 views  List List(id=116, name=Contacts)
INFO 2024-06-06 19:39:09,313 views  List List(id=116, name=Contacts)
INFO 2024-06-06 19:39:09,519 views  List List(id=116, name=Contacts)
INFO 2024-06-06 19:39:09,547 views  List List(id=116, name=Contacts)
INFO 2024-06-06 19:39:09,548 views  List List(id=116, name=Contacts)
INFO 2024-06-06 19:39:09,550 views  List List(id=116, name=Contacts)
INFO 2024-06-06 19:39:09,560 views  List List(id=116, name=Contacts)
INFO 2024-06-06 19:39:09,562 views  List List(id=116, name=Contacts)
INFO 2024-06-06 19:39:09,563 views  List List(id=116, name=Contacts)
INFO 2024-06-06 19:39:09,564 views  List List(id=116, name=Contacts)
INFO 2024-06-06 19:39:09,565 views  List List(id=116, name=Contacts)
INFO 2024-06-06 19:39:09,566 views  List List(id=116, name=Contacts)
INFO 2024-06-06 19:39:09,588 views  List List(id=116, name=Contacts)
INFO 2024-06-06 19:39:09,591 views  List List(id=116, name=Contacts)
INFO 2024-06-06 19:39:09,595 views  List List(id=116, name=Contacts)
INFO 2024-06-06 19:39:09,597 views  List List(id=116, name=Contacts)
INFO 2024-06-06 19:39:09,601 views  List List(id=116, name=Contacts)
INFO 2024-06-06 19:39:09,616 views  List List(id=116, name=Contacts)
INFO 2024-06-06 19:39:09,639 views  List List(id=116, name=Contacts)
INFO 2024-06-06 19:39:09,640 views  List List(id=116, name=Contacts)
INFO 2024-06-06 19:39:09,668 views  List List(id=116, name=Contacts)
INFO 2024-06-06 19:39:09,669 views  List List(id=116, name=Contacts)
INFO 2024-06-06 19:39:09,671 views  List List(id=116, name=Contacts)
INFO 2024-06-06 19:39:09,672 views  List List(id=116, name=Contacts)
INFO 2024-06-06 19:39:09,673 views  List List(id=116, name=Contacts)
INFO 2024-06-06 19:39:09,675 views  List List(id=116, name=Contacts)
INFO 2024-06-06 19:39:09,676 views  List List(id=116, name=Contacts)
INFO 2024-06-06 19:39:09,678 views  List List(id=116, name=Contacts)
INFO 2024-06-06 19:39:09,679 views  List List(id=116, name=Contacts)
INFO 2024-06-06 19:39:09,681 views  List List(id=116, name=Contacts)
INFO 2024-06-06 19:39:09,683 views  List List(id=116, name=Contacts)
INFO 2024-06-06 19:39:09,684 views  List List(id=116, name=Contacts)
INFO 2024-06-06 19:39:09,685 views  List List(id=116, name=Contacts)
INFO 2024-06-06 19:39:09,687 views  List List(id=116, name=Contacts)
INFO 2024-06-06 19:39:09,689 views  List List(id=116, name=Contacts)
INFO 2024-06-06 19:39:09,690 views  List List(id=116, name=Contacts)
INFO 2024-06-06 19:39:09,691 views  List List(id=116, name=Contacts)
INFO 2024-06-06 19:39:09,693 views  List List(id=116, name=Contacts)
INFO 2024-06-06 19:39:09,727 views  List List(id=116, name=Contacts)
INFO 2024-06-06 19:39:09,730 views  List List(id=116, name=Contacts)
INFO 2024-06-06 19:39:09,734 views  List List(id=116, name=Contacts)
INFO 2024-06-06 19:39:09,737 views  List List(id=116, name=Contacts)
INFO 2024-06-06 19:39:09,741 views  List List(id=116, name=Contacts)
INFO 2024-06-06 19:39:09,743 views  List List(id=116, name=Contacts)
INFO 2024-06-06 19:39:09,745 views  List List(id=116, name=Contacts)
INFO 2024-06-06 19:39:09,746 views  List List(id=116, name=Contacts)
INFO 2024-06-06 19:39:09,747 views  List List(id=116, name=Contacts)
INFO 2024-06-06 19:39:09,755 views  List List(id=116, name=Contacts)
INFO 2024-06-06 19:39:09,771 views  List List(id=116, name=Contacts)
INFO 2024-06-06 19:39:09,772 views  List List(id=116, name=Contacts)
INFO 2024-06-06 19:39:09,774 views  List List(id=116, name=Contacts)
INFO 2024-06-06 19:39:09,775 views  List List(id=116, name=Contacts)
INFO 2024-06-06 19:39:09,775 views  List List(id=116, name=Contacts)
INFO 2024-06-06 19:39:09,776 views  List List(id=116, name=Contacts)
INFO 2024-06-06 19:39:09,778 views  List List(id=116, name=Contacts)
INFO 2024-06-06 19:39:09,779 views  List List(id=116, name=Contacts)
INFO 2024-06-06 19:39:09,780 views  List List(id=116, name=Contacts)
INFO 2024-06-06 19:39:09,780 views Existing Contact - Full Name: ['Aryan'], Company: , Photo Path: , Email: {'home': [], 'internet': []}, Phone No: {'cell': ['(972) 800-4944'], 'home': [], 'pref': []}
INFO 2024-06-06 19:39:09,781 views  List List(id=116, name=Contacts)
INFO 2024-06-06 19:39:09,782 views  List List(id=116, name=Contacts)
INFO 2024-06-06 19:39:09,783 views  List List(id=116, name=Contacts)
INFO 2024-06-06 19:39:09,784 views  List List(id=116, name=Contacts)
INFO 2024-06-06 19:39:09,785 views  List List(id=116, name=Contacts)
INFO 2024-06-06 19:39:09,786 views  List List(id=116, name=Contacts)
INFO 2024-06-06 19:39:09,787 views  List List(id=116, name=Contacts)
INFO 2024-06-06 19:39:09,788 views  List List(id=116, name=Contacts)
INFO 2024-06-06 19:39:09,789 views  List List(id=116, name=Contacts)
INFO 2024-06-06 19:39:09,790 views  List List(id=116, name=Contacts)
INFO 2024-06-06 19:39:09,791 views  List List(id=116, name=Contacts)
INFO 2024-06-06 19:39:09,792 views  List List(id=116, name=Contacts)
INFO 2024-06-06 19:39:09,793 views  List List(id=116, name=Contacts)
INFO 2024-06-06 19:39:09,794 views  List List(id=116, name=Contacts)
INFO 2024-06-06 19:39:09,795 views  List List(id=116, name=Contacts)
INFO 2024-06-06 19:39:09,796 views  List List(id=116, name=Contacts)
INFO 2024-06-06 19:39:09,797 views  List List(id=116, name=Contacts)
INFO 2024-06-06 19:39:09,798 views  List List(id=116, name=Contacts)
INFO 2024-06-06 19:39:09,799 views  List List(id=116, name=Contacts)
INFO 2024-06-06 19:39:09,800 views  List List(id=116, name=Contacts)
INFO 2024-06-06 19:39:09,801 views  List List(id=116, name=Contacts)
INFO 2024-06-06 19:39:09,802 views  List List(id=116, name=Contacts)
INFO 2024-06-06 19:39:09,803 views  List List(id=116, name=Contacts)
INFO 2024-06-06 19:39:09,805 views  List List(id=116, name=Contacts)
INFO 2024-06-06 19:39:09,806 views  List List(id=116, name=Contacts)
INFO 2024-06-06 19:39:09,806 views  List List(id=116, name=Contacts)
INFO 2024-06-06 19:39:09,807 views  List List(id=116, name=Contacts)
INFO 2024-06-06 19:39:09,808 views  List List(id=116, name=Contacts)
INFO 2024-06-06 19:39:09,809 views  List List(id=116, name=Contacts)
INFO 2024-06-06 19:39:09,811 views  List List(id=116, name=Contacts)
INFO 2024-06-06 19:39:09,812 views  List List(id=116, name=Contacts)
INFO 2024-06-06 19:39:09,813 views  List List(id=116, name=Contacts)
INFO 2024-06-06 19:39:09,814 views  List List(id=116, name=Contacts)
INFO 2024-06-06 19:39:09,815 views  List List(id=116, name=Contacts)
INFO 2024-06-06 19:39:09,815 views  List List(id=116, name=Contacts)
INFO 2024-06-06 19:39:09,817 views  List List(id=116, name=Contacts)
INFO 2024-06-06 19:39:09,817 views  List List(id=116, name=Contacts)
INFO 2024-06-06 19:39:09,818 views  List List(id=116, name=Contacts)
INFO 2024-06-06 19:39:09,840 views  List List(id=116, name=Contacts)
INFO 2024-06-06 19:39:09,841 views  List List(id=116, name=Contacts)
INFO 2024-06-06 19:39:09,843 views  List List(id=116, name=Contacts)
INFO 2024-06-06 19:39:09,844 views  List List(id=116, name=Contacts)
INFO 2024-06-06 19:39:09,845 views  List List(id=116, name=Contacts)
INFO 2024-06-06 19:39:09,846 views  List List(id=116, name=Contacts)
INFO 2024-06-06 19:39:09,847 views  List List(id=116, name=Contacts)
INFO 2024-06-06 19:39:09,848 views  List List(id=116, name=Contacts)
INFO 2024-06-06 19:39:09,849 views  List List(id=116, name=Contacts)
INFO 2024-06-06 19:39:09,863 views  List List(id=116, name=Contacts)
INFO 2024-06-06 19:39:09,864 views  List List(id=116, name=Contacts)
INFO 2024-06-06 19:39:09,865 views  List List(id=116, name=Contacts)
INFO 2024-06-06 19:39:09,866 views  List List(id=116, name=Contacts)
INFO 2024-06-06 19:39:09,867 views  List List(id=116, name=Contacts)
INFO 2024-06-06 19:39:09,868 views  List List(id=116, name=Contacts)
INFO 2024-06-06 19:39:09,869 views  List List(id=116, name=Contacts)
INFO 2024-06-06 19:39:09,870 views  List List(id=116, name=Contacts)
INFO 2024-06-06 19:39:09,870 views  List List(id=116, name=Contacts)
INFO 2024-06-06 19:39:09,871 views  List List(id=116, name=Contacts)
INFO 2024-06-06 19:39:09,872 views  List List(id=116, name=Contacts)
INFO 2024-06-06 19:39:09,873 views  List List(id=116, name=Contacts)
INFO 2024-06-06 19:39:09,874 views  List List(id=116, name=Contacts)
INFO 2024-06-06 19:39:09,875 views  List List(id=116, name=Contacts)
INFO 2024-06-06 19:39:09,876 views  List List(id=116, name=Contacts)
INFO 2024-06-06 19:39:09,877 views  List List(id=116, name=Contacts)
INFO 2024-06-06 19:39:09,878 views  List List(id=116, name=Contacts)
INFO 2024-06-06 19:39:09,879 views  List List(id=116, name=Contacts)
INFO 2024-06-06 19:39:09,880 views  List List(id=116, name=Contacts)
INFO 2024-06-06 19:39:09,881 views  List List(id=116, name=Contacts)
INFO 2024-06-06 19:39:09,882 views  List List(id=116, name=Contacts)
INFO 2024-06-06 19:39:09,882 views  List List(id=116, name=Contacts)
INFO 2024-06-06 19:39:09,883 views  List List(id=116, name=Contacts)
INFO 2024-06-06 19:39:09,884 views  List List(id=116, name=Contacts)
INFO 2024-06-06 19:39:09,885 views  List List(id=116, name=Contacts)
INFO 2024-06-06 19:39:09,886 views  List List(id=116, name=Contacts)
INFO 2024-06-06 19:39:09,887 views  List List(id=116, name=Contacts)
INFO 2024-06-06 19:39:09,888 views  List List(id=116, name=Contacts)
INFO 2024-06-06 19:39:09,889 views  List List(id=116, name=Contacts)
INFO 2024-06-06 19:39:09,890 views  List List(id=116, name=Contacts)
INFO 2024-06-06 19:39:09,891 views  List List(id=116, name=Contacts)
INFO 2024-06-06 19:39:09,892 views  List List(id=116, name=Contacts)
INFO 2024-06-06 19:39:09,893 views  List List(id=116, name=Contacts)
INFO 2024-06-06 19:39:09,894 views  List List(id=116, name=Contacts)
INFO 2024-06-06 19:39:09,895 views  List List(id=116, name=Contacts)
INFO 2024-06-06 19:39:09,895 views  List List(id=116, name=Contacts)
INFO 2024-06-06 19:39:09,896 views  List List(id=116, name=Contacts)
INFO 2024-06-06 19:39:09,897 views  List List(id=116, name=Contacts)
INFO 2024-06-06 19:39:09,898 views  List List(id=116, name=Contacts)
INFO 2024-06-06 19:39:09,899 views  List List(id=116, name=Contacts)
INFO 2024-06-06 19:39:09,900 views  List List(id=116, name=Contacts)
INFO 2024-06-06 19:39:09,901 views  List List(id=116, name=Contacts)
INFO 2024-06-06 19:39:09,902 views  List List(id=116, name=Contacts)
INFO 2024-06-06 19:39:09,903 views  List List(id=116, name=Contacts)
INFO 2024-06-06 19:39:09,904 views  List List(id=116, name=Contacts)
INFO 2024-06-06 19:39:09,905 views  List List(id=116, name=Contacts)
INFO 2024-06-06 19:39:09,906 views  List List(id=116, name=Contacts)
INFO 2024-06-06 19:39:09,907 views  List List(id=116, name=Contacts)
INFO 2024-06-06 19:39:09,908 views  List List(id=116, name=Contacts)
INFO 2024-06-06 19:39:09,909 views  List List(id=116, name=Contacts)
INFO 2024-06-06 19:39:09,910 views  List List(id=116, name=Contacts)
INFO 2024-06-06 19:39:09,911 views  List List(id=116, name=Contacts)
INFO 2024-06-06 19:39:09,912 views  List List(id=116, name=Contacts)
INFO 2024-06-06 19:39:09,913 views  List List(id=116, name=Contacts)
INFO 2024-06-06 19:39:09,914 views  List List(id=116, name=Contacts)
INFO 2024-06-06 19:39:09,915 views  List List(id=116, name=Contacts)
INFO 2024-06-06 19:39:09,916 views Existing Contact - Full Name: ['Q'], Company: , Photo Path: , Email: {'home': [], 'internet': []}, Phone No: {'cell': [], 'home': [], 'pref': []}
INFO 2024-06-06 19:39:09,916 views  List List(id=116, name=Contacts)
INFO 2024-06-06 19:39:09,916 views Existing Contact - Full Name: ['Q'], Company: , Photo Path: , Email: {'home': [], 'internet': []}, Phone No: {'cell': [], 'home': [], 'pref': []}
INFO 2024-06-06 19:39:09,916 views  List List(id=116, name=Contacts)
INFO 2024-06-06 19:39:09,917 views Existing Contact - Full Name: ['Q'], Company: , Photo Path: , Email: {'home': [], 'internet': []}, Phone No: {'cell': [], 'home': [], 'pref': []}
INFO 2024-06-06 19:39:09,917 views  List List(id=116, name=Contacts)
INFO 2024-06-06 19:39:09,918 views Existing Contact - Full Name: ['Q'], Company: , Photo Path: , Email: {'home': [], 'internet': []}, Phone No: {'cell': [], 'home': [], 'pref': []}
INFO 2024-06-06 19:39:09,918 views  List List(id=116, name=Contacts)
INFO 2024-06-06 19:39:09,919 views Existing Contact - Full Name: ['Q'], Company: , Photo Path: , Email: {'home': [], 'internet': []}, Phone No: {'cell': [], 'home': [], 'pref': []}
INFO 2024-06-06 19:39:09,919 views  List List(id=116, name=Contacts)
INFO 2024-06-06 19:39:09,919 views Existing Contact - Full Name: ['Q'], Company: , Photo Path: , Email: {'home': [], 'internet': []}, Phone No: {'cell': [], 'home': [], 'pref': []}
INFO 2024-06-06 19:39:09,920 views  List List(id=116, name=Contacts)
INFO 2024-06-06 19:39:09,921 views  List List(id=116, name=Contacts)
INFO 2024-06-06 19:39:09,925 views  List List(id=116, name=Contacts)
INFO 2024-06-06 19:39:09,931 views  List List(id=116, name=Contacts)
INFO 2024-06-06 19:39:09,932 views  List List(id=116, name=Contacts)
INFO 2024-06-06 19:39:09,933 views  List List(id=116, name=Contacts)
INFO 2024-06-06 19:39:09,941 views  List List(id=116, name=Contacts)
INFO 2024-06-06 19:39:09,948 views  List List(id=116, name=Contacts)
INFO 2024-06-06 19:39:09,960 views  List List(id=116, name=Contacts)
INFO 2024-06-06 19:39:09,962 views  List List(id=116, name=Contacts)
INFO 2024-06-06 19:39:09,963 views  List List(id=116, name=Contacts)
INFO 2024-06-06 19:39:09,965 views  List List(id=116, name=Contacts)
INFO 2024-06-06 19:39:09,966 views  List List(id=116, name=Contacts)
INFO 2024-06-06 19:39:09,967 views  List List(id=116, name=Contacts)
INFO 2024-06-06 19:39:09,968 views  List List(id=116, name=Contacts)
INFO 2024-06-06 19:39:09,969 views  List List(id=116, name=Contacts)
INFO 2024-06-06 19:39:09,970 views  List List(id=116, name=Contacts)
INFO 2024-06-06 19:39:09,973 views QuerySet:
INFO 2024-06-06 19:39:09,974 basehttp "POST /api/parse-vcf/ HTTP/1.1" 200 63837
